<?xml version="1.0" encoding="UTF-8"?>
<testng-results skipped="0" failed="0" ignored="0" total="1" passed="1">
  <reporter-output>
  </reporter-output>
  <suite name="Default suite" duration-ms="30" started-at="2020-04-24T21:53:05Z" finished-at="2020-04-24T21:53:05Z">
    <groups>
    </groups>
    <test name="Default test" duration-ms="30" started-at="2020-04-24T21:53:05Z" finished-at="2020-04-24T21:53:05Z">
      <class name="com.regression.Flight_Second_Test">
        <test-method status="PASS" signature="beforeSuite()[pri:0, instance:com.regression.Flight_Second_Test@4a335fa8]" name="beforeSuite" is-config="true" duration-ms="9" started-at="2020-04-24T15:53:05Z" finished-at="2020-04-24T15:53:05Z">
          <reporter-output>
          </reporter-output>
        </test-method> <!-- beforeSuite -->
        <test-method status="PASS" signature="beforeTest()[pri:0, instance:com.regression.Flight_Second_Test@4a335fa8]" name="beforeTest" is-config="true" duration-ms="1" started-at="2020-04-24T15:53:05Z" finished-at="2020-04-24T15:53:05Z">
          <reporter-output>
          </reporter-output>
        </test-method> <!-- beforeTest -->
        <test-method status="PASS" signature="beforeClass()[pri:0, instance:com.regression.Flight_Second_Test@4a335fa8]" name="beforeClass" is-config="true" duration-ms="0" started-at="2020-04-24T15:53:05Z" finished-at="2020-04-24T15:53:05Z">
          <reporter-output>
          </reporter-output>
        </test-method> <!-- beforeClass -->
        <test-method status="PASS" signature="f()[pri:0, instance:com.regression.Flight_Second_Test@4a335fa8]" name="f" duration-ms="7" started-at="2020-04-24T15:53:05Z" finished-at="2020-04-24T15:53:05Z">
          <reporter-output>
          </reporter-output>
        </test-method> <!-- f -->
        <test-method status="PASS" signature="beforeMethod()[pri:0, instance:com.regression.Flight_Second_Test@4a335fa8]" name="beforeMethod" is-config="true" duration-ms="0" started-at="2020-04-24T15:53:05Z" finished-at="2020-04-24T15:53:05Z">
          <reporter-output>
          </reporter-output>
        </test-method> <!-- beforeMethod -->
        <test-method status="PASS" signature="afterMethod()[pri:0, instance:com.regression.Flight_Second_Test@4a335fa8]" name="afterMethod" is-config="true" duration-ms="1" started-at="2020-04-24T15:53:05Z" finished-at="2020-04-24T15:53:05Z">
          <reporter-output>
          </reporter-output>
        </test-method> <!-- afterMethod -->
        <test-method status="PASS" signature="afterClass()[pri:0, instance:com.regression.Flight_Second_Test@4a335fa8]" name="afterClass" is-config="true" duration-ms="0" started-at="2020-04-24T15:53:05Z" finished-at="2020-04-24T15:53:05Z">
          <reporter-output>
          </reporter-output>
        </test-method> <!-- afterClass -->
        <test-method status="PASS" signature="afterTest()[pri:0, instance:com.regression.Flight_Second_Test@4a335fa8]" name="afterTest" is-config="true" duration-ms="0" started-at="2020-04-24T15:53:05Z" finished-at="2020-04-24T15:53:05Z">
          <reporter-output>
          </reporter-output>
        </test-method> <!-- afterTest -->
        <test-method status="PASS" signature="afterSuite()[pri:0, instance:com.regression.Flight_Second_Test@4a335fa8]" name="afterSuite" is-config="true" duration-ms="0" started-at="2020-04-24T15:53:05Z" finished-at="2020-04-24T15:53:05Z">
          <reporter-output>
          </reporter-output>
        </test-method> <!-- afterSuite -->
      </class> <!-- com.regression.Flight_Second_Test -->
    </test> <!-- Default test -->
  </suite> <!-- Default suite -->
</testng-results>
